output frequency: 1
structural node: 10 120.684 -380.475 176.23 phi -2.35315 0.0834283 0.681602
structural node: 11 122.993 -380.156 174.904 phi -2.35315 0.0834283 0.681602
structural node: 12 125.303 -379.836 173.578 phi -2.35315 0.0834283 0.681602
structural node: 13 125.96 -379.745 173.2 phi -2.35315 0.0834283 0.681602
structural node: 14 126.617 -379.654 172.823 phi -2.35315 0.0834283 0.681602
structural node: 888 126.64 -379.651 172.81 phi -2.35315 0.0834283 0.681602
structural node: 2000 126.628 -379.689 172.78 phi -2.35315 0.0834283 0.681602
structural node: 2001 126.504 -380.097 172.465 phi -2.35315 0.0834283 0.681602
structural node: 2002 126.379 -380.505 172.15 phi -2.35315 0.0834283 0.681602
structural node: 2003 126.094 -381.437 171.429 phi -2.35315 0.0834283 0.681602
structural node: 2004 125.809 -382.37 170.708 phi -2.35315 0.0834283 0.681602
structural node: 2005 125.463 -383.503 169.832 phi -2.35315 0.0834283 0.681602
structural node: 2006 125.117 -384.636 168.956 phi -2.35315 0.0834283 0.681602
structural node: 2007 124.366 -387.096 167.054 phi -2.35315 0.0834283 0.681602
structural node: 2008 123.614 -389.557 165.152 phi -2.35315 0.0834283 0.681602
structural node: 3000 129.666 -369.745 180.468 phi -2.35315 0.0834283 0.681602
structural node: 3001 128.914 -372.206 178.565 phi -2.35315 0.0834283 0.681602
structural node: 3002 128.163 -374.666 176.663 phi -2.35315 0.0834283 0.681602
structural node: 3003 127.817 -375.799 175.788 phi -2.35315 0.0834283 0.681602
structural node: 3004 127.47 -376.932 174.912 phi -2.35315 0.0834283 0.681602
structural node: 3005 127.186 -377.865 174.191 phi -2.35315 0.0834283 0.681602
structural node: 3006 126.901 -378.797 173.47 phi -2.35315 0.0834283 0.681602
structural node: 3007 126.776 -379.205 173.155 phi -2.35315 0.0834283 0.681602
structural node: 3008 126.652 -379.612 172.839 phi -2.35315 0.0834283 0.681602
structural node: 6000 121.992 -382.262 178.024 phi -2.35315 0.0834283 0.681602
structural node: 6001 121.349 -381.367 177.12 phi -2.35315 0.0834283 0.681602
structural node: 6002 120.707 -380.472 176.217 phi -2.35315 0.0834283 0.681602
structural node: 6003 120.546 -380.249 175.991 phi -2.35315 0.0834283 0.681602
structural node: 6004 120.385 -380.025 175.765 phi -2.35315 0.0834283 0.681602
structural node: 4000 120.627 -379.919 175.532 phi -2.35315 0.0834283 0.681602
structural node: 4001 120.51 -380.304 175.235 phi -2.35315 0.0834283 0.681602
structural node: 4002 120.392 -380.688 174.938 phi -2.35315 0.0834283 0.681602
structural node: 4003 120.222 -381.245 174.508 phi -2.35315 0.0834283 0.681602
structural node: 4004 120.052 -381.801 174.078 phi -2.35315 0.0834283 0.681602
structural node: 5000 121.202 -378.037 176.987 phi -2.35315 0.0834283 0.681602
structural node: 5001 121.032 -378.593 176.557 phi -2.35315 0.0834283 0.681602
structural node: 5002 120.862 -379.15 176.127 phi -2.35315 0.0834283 0.681602
structural node: 5003 120.745 -379.535 175.83 phi -2.35315 0.0834283 0.681602
structural node: 5004 120.627 -379.919 175.532 phi -2.35315 0.0834283 0.681602
structural node: 10000 127.792 -381.287 172.688 phi -2.35315 0.0834283 0.681602
structural node: 10001 127.487 -380.863 172.26 phi -2.35315 0.0834283 0.681602
structural node: 10002 127.183 -380.439 171.832 phi -2.35315 0.0834283 0.681602
structural node: 10003 126.743 -379.826 171.213 phi -2.35315 0.0834283 0.681602
structural node: 10004 126.302 -379.213 170.594 phi -2.35315 0.0834283 0.681602
structural node: 10100 127.222 -383.153 171.246 phi -2.35315 0.0834283 0.681602
structural node: 10101 126.917 -382.729 170.818 phi -2.35315 0.0834283 0.681602
structural node: 10102 126.613 -382.305 170.39 phi -2.35315 0.0834283 0.681602
structural node: 10103 126.173 -381.692 169.771 phi -2.35315 0.0834283 0.681602
structural node: 10104 125.732 -381.079 169.152 phi -2.35315 0.0834283 0.681602
structural node: 11000 128.362 -379.421 174.131 phi -2.35315 0.0834283 0.681602
structural node: 11001 128.057 -378.997 173.703 phi -2.35315 0.0834283 0.681602
structural node: 11002 127.753 -378.573 173.275 phi -2.35315 0.0834283 0.681602
structural node: 11003 127.313 -377.96 172.656 phi -2.35315 0.0834283 0.681602
structural node: 11004 126.872 -377.347 172.037 phi -2.35315 0.0834283 0.681602
structural node: 11100 128.932 -377.555 175.573 phi -2.35315 0.0834283 0.681602
structural node: 11101 128.627 -377.131 175.145 phi -2.35315 0.0834283 0.681602
structural node: 11102 128.323 -376.707 174.717 phi -2.35315 0.0834283 0.681602
structural node: 11103 127.883 -376.094 174.098 phi -2.35315 0.0834283 0.681602
structural node: 11104 127.442 -375.481 173.479 phi -2.35315 0.0834283 0.681602
structural node: 20000 128.508 -381.129 171.943 phi -2.35315 0.0834283 0.681602
structural node: 20001 128.508 -381.129 171.943 phi -2.35315 0.0834283 0.681602
structural node: 20010 126.941 -379.403 170.329 phi -2.35315 0.0834283 0.681602
structural node: 20011 126.941 -379.403 170.329 phi -2.35315 0.0834283 0.681602
structural node: 20100 127.938 -382.995 170.5 phi -2.35315 0.0834283 0.681602
structural node: 20101 127.938 -382.995 170.5 phi -2.35315 0.0834283 0.681602
structural node: 20110 126.371 -381.269 168.886 phi -2.35315 0.0834283 0.681602
structural node: 20111 126.371 -381.269 168.886 phi -2.35315 0.0834283 0.681602
structural node: 30000 129.078 -379.263 173.385 phi -2.35315 0.0834283 0.681602
structural node: 30001 129.078 -379.263 173.385 phi -2.35315 0.0834283 0.681602
structural node: 30010 127.511 -377.537 171.772 phi -2.35315 0.0834283 0.681602
structural node: 30011 127.511 -377.537 171.772 phi -2.35315 0.0834283 0.681602
structural node: 30100 129.648 -377.398 174.827 phi -2.35315 0.0834283 0.681602
structural node: 30101 129.648 -377.398 174.827 phi -2.35315 0.0834283 0.681602
structural node: 30110 128.081 -375.671 173.214 phi -2.35315 0.0834283 0.681602
structural node: 30111 128.081 -375.671 173.214 phi -2.35315 0.0834283 0.681602
structural node: 1 126.64 -379.651 172.81 phi -2.35315 0.0834283 0.681602
totalpinjoint: 110 888 0 0 0 1 0 0 0 1 0 0 0 1 1 0 0 0 1 0 0 0 1 0 0 0 1 0 0 0 1 0 0 0 1 1 0 0 0 1 0 0 0 1 1 1 1 0 0 0 1 1 1 0 0 0
totaljoint: 1 14 0 0 0 1 0 0 0 1 0 0 0 1 1 0 0 0 1 0 0 0 1 2000 -0.027 -0.05 2.9865e-14 1 0 0 0 1 0 0 0 1 1 -5.55112e-17 0 -5.55112e-17 1 0 0 0 1 1 1 1 0 0 0 1 1 1 0 0 0
totaljoint: 2 14 0 0 0 1 0 0 0 1 0 0 0 1 1 0 0 0 1 0 0 0 1 3008 -0.027 0.05 6.41848e-17 1 0 0 0 1 0 0 0 1 1 -5.55112e-17 0 -5.55112e-17 1 0 0 0 1 1 1 1 0 0 0 1 1 1 0 0 0
totaljoint: 3 10 0 0 0 1 0 0 0 1 0 0 0 1 1 0 0 0 1 0 0 0 1 6002 -0.026 -2.47302e-14 8.14973e-15 1 0 0 0 1 0 0 0 1 1 -5.55112e-17 0 -5.55112e-17 1 0 0 0 1 1 1 1 0 0 0 1 1 1 0 0 0
totaljoint: 4 6004 0 0 0 1 0 0 0 1 0 0 0 1 1 0 0 0 1 0 0 0 1 4000 -0.336 -1.94289e-15 -0.105 1 0 0 0 1 0 0 0 1 1 -5.55112e-17 0 -5.55112e-17 1 0 0 0 1 1 1 1 0 0 0 1 1 1 0 0 0
totaljoint: 5 6004 0 0 0 1 0 0 0 1 0 0 0 1 1 0 0 0 1 0 0 0 1 5004 -0.336 -1.94289e-15 -0.105 1 0 0 0 1 0 0 0 1 1 -5.55112e-17 0 -5.55112e-17 1 0 0 0 1 1 1 1 0 0 0 1 1 1 0 0 0
totaljoint: 6 2002 0 0 0 1 0 0 0 1 0 0 0 1 1 0 0 0 1 0 0 0 1 10002 -0.857 0.05 0.12 1 0 0 0 1 0 0 0 1 1 -5.55112e-17 0 -5.55112e-17 1 0 0 0 1 1 1 1 0 0 0 1 1 1 0 0 0
totaljoint: 7 2004 0 0 0 1 0 0 0 1 0 0 0 1 1 0 0 0 1 0 0 0 1 10102 -0.857 0.05 0.12 1 0 0 0 1 0 0 0 1 1 -5.55112e-17 0 -5.55112e-17 1 0 0 0 1 1 1 1 0 0 0 1 1 1 0 0 0
totaljoint: 8 3006 0 0 0 1 0 0 0 1 0 0 0 1 1 0 0 0 1 0 0 0 1 11002 -0.857 0.257 0.12 1 0 0 0 1 0 0 0 1 1 -5.55112e-17 0 -5.55112e-17 1 0 0 0 1 1 1 1 0 0 0 1 1 1 0 0 0
totaljoint: 9 3004 0 0 0 1 0 0 0 1 0 0 0 1 1 0 0 0 1 0 0 0 1 11102 -0.857 0.257 0.12 1 0 0 0 1 0 0 0 1 1 -5.55112e-17 0 -5.55112e-17 1 0 0 0 1 1 1 1 0 0 0 1 1 1 0 0 0
totaljoint: 10 10000 0 0 0 1 0 0 0 1 0 0 0 1 1 0 0 0 1 0 0 0 1 20000 -1.004 -0.153 -0.249 1 0 0 0 1 0 0 0 1 1 -5.55112e-17 0 -5.55112e-17 1 0 0 0 1 1 1 1 0 0 0 1 1 1 0 0 0
totaljoint: 11 10000 0 0 0 1 0 0 0 1 0 0 0 1 1 0 0 0 1 0 0 0 1 20001 -1.004 -0.153 -0.249 1 0 0 0 1 0 0 0 1 1 -5.55112e-17 0 -5.55112e-17 1 0 0 0 1 1 1 1 0 0 0 1 1 1 0 0 0
totaljoint: 12 10004 0 0 0 1 0 0 0 1 0 0 0 1 1 0 0 0 1 0 0 0 1 20010 -0.658 -0.153 0.239 1 0 0 0 1 0 0 0 1 1 -5.55112e-17 0 -5.55112e-17 1 0 0 0 1 1 1 1 0 0 0 1 1 1 0 0 0
totaljoint: 13 10004 0 0 0 1 0 0 0 1 0 0 0 1 1 0 0 0 1 0 0 0 1 20011 -0.658 -0.153 0.239 1 0 0 0 1 0 0 0 1 1 -5.55112e-17 0 -5.55112e-17 1 0 0 0 1 1 1 1 0 0 0 1 1 1 0 0 0
totaljoint: 14 10100 0 0 0 1 0 0 0 1 0 0 0 1 1 0 0 0 1 0 0 0 1 20100 -1.004 -0.154 -0.249 1 0 0 0 1 0 0 0 1 1 -5.55112e-17 0 -5.55112e-17 1 0 0 0 1 1 1 1 0 0 0 1 1 1 0 0 0
totaljoint: 15 10100 0 0 0 1 0 0 0 1 0 0 0 1 1 0 0 0 1 0 0 0 1 20101 -1.004 -0.154 -0.249 1 0 0 0 1 0 0 0 1 1 -5.55112e-17 0 -5.55112e-17 1 0 0 0 1 1 1 1 0 0 0 1 1 1 0 0 0
totaljoint: 16 10104 0 0 0 1 0 0 0 1 0 0 0 1 1 0 0 0 1 0 0 0 1 20110 -0.658 -0.154 0.239 1 0 0 0 1 0 0 0 1 1 -5.55112e-17 0 -5.55112e-17 1 0 0 0 1 1 1 1 0 0 0 1 1 1 0 0 0
totaljoint: 17 10104 0 0 0 1 0 0 0 1 0 0 0 1 1 0 0 0 1 0 0 0 1 20111 -0.658 -0.154 0.239 1 0 0 0 1 0 0 0 1 1 -5.55112e-17 0 -5.55112e-17 1 0 0 0 1 1 1 1 0 0 0 1 1 1 0 0 0
totaljoint: 18 11000 0 0 0 1 0 0 0 1 0 0 0 1 1 0 0 0 1 0 0 0 1 30000 -1.004 -0.154 -0.249 1 0 0 0 1 0 0 0 1 1 -5.55112e-17 0 -5.55112e-17 1 0 0 0 1 1 1 1 0 0 0 1 1 1 0 0 0
totaljoint: 19 11000 0 0 0 1 0 0 0 1 0 0 0 1 1 0 0 0 1 0 0 0 1 30001 -1.004 -0.154 -0.249 1 0 0 0 1 0 0 0 1 1 -5.55112e-17 0 -5.55112e-17 1 0 0 0 1 1 1 1 0 0 0 1 1 1 0 0 0
totaljoint: 20 11004 0 0 0 1 0 0 0 1 0 0 0 1 1 0 0 0 1 0 0 0 1 30010 -0.658 -0.154 0.239 1 0 0 0 1 0 0 0 1 1 -5.55112e-17 0 -5.55112e-17 1 0 0 0 1 1 1 1 0 0 0 1 1 1 0 0 0
totaljoint: 21 11004 0 0 0 1 0 0 0 1 0 0 0 1 1 0 0 0 1 0 0 0 1 30011 -0.658 -0.154 0.239 1 0 0 0 1 0 0 0 1 1 -5.55112e-17 0 -5.55112e-17 1 0 0 0 1 1 1 1 0 0 0 1 1 1 0 0 0
totaljoint: 22 11100 0 0 0 1 0 0 0 1 0 0 0 1 1 0 0 0 1 0 0 0 1 30100 -1.004 -0.154 -0.249 1 0 0 0 1 0 0 0 1 1 -5.55112e-17 0 -5.55112e-17 1 0 0 0 1 1 1 1 0 0 0 1 1 1 0 0 0
totaljoint: 23 11100 0 0 0 1 0 0 0 1 0 0 0 1 1 0 0 0 1 0 0 0 1 30101 -1.004 -0.154 -0.249 1 0 0 0 1 0 0 0 1 1 -5.55112e-17 0 -5.55112e-17 1 0 0 0 1 1 1 1 0 0 0 1 1 1 0 0 0
totaljoint: 24 11104 0 0 0 1 0 0 0 1 0 0 0 1 1 0 0 0 1 0 0 0 1 30110 -0.658 -0.154 0.239 1 0 0 0 1 0 0 0 1 1 -5.55112e-17 0 -5.55112e-17 1 0 0 0 1 1 1 1 0 0 0 1 1 1 0 0 0
totaljoint: 25 11104 0 0 0 1 0 0 0 1 0 0 0 1 1 0 0 0 1 0 0 0 1 30111 -0.658 -0.154 0.239 1 0 0 0 1 0 0 0 1 1 -5.55112e-17 0 -5.55112e-17 1 0 0 0 1 1 1 1 0 0 0 1 1 1 0 0 0
totaljoint: 8888 14 0 0 0 1 0 0 0 1 0 0 0 1 1 0 0 0 1 0 0 0 1 888 -0.027 -1.67227e-14 1.49637e-14 1 0 0 0 1 0 0 0 1 1 -5.55112e-17 0 -5.55112e-17 1 0 0 0 1 1 1 1 0 0 0 1 1 1 0 0 0
beam3: 1000 10 0 0 0 11 0 0 0 12 0 0 0
beam3: 1010 12 0 0 0 13 0 0 0 14 0 0 0
beam3: 2000 2000 0 0 0 2001 0 0 0 2002 0 0 0
beam3: 2010 2002 0 0 0 2003 0 0 0 2004 0 0 0
beam3: 2020 2004 0 0 0 2005 0 0 0 2006 0 0 0
beam3: 2030 2006 0 0 0 2007 0 0 0 2008 0 0 0
beam3: 3000 3000 0 0 0 3001 0 0 0 3002 0 0 0
beam3: 3010 3002 0 0 0 3003 0 0 0 3004 0 0 0
beam3: 3020 3004 0 0 0 3005 0 0 0 3006 0 0 0
beam3: 3030 3006 0 0 0 3007 0 0 0 3008 0 0 0
beam3: 6000 6000 0 0 0 6001 0 0 0 6002 0 0 0
beam3: 6010 6002 0 0 0 6003 0 0 0 6004 0 0 0
beam3: 4000 4000 0 0 0 4001 0 0 0 4002 0 0 0
beam3: 4010 4002 0 0 0 4003 0 0 0 4004 0 0 0
beam3: 5000 5000 0 0 0 5001 0 0 0 5002 0 0 0
beam3: 5010 5002 0 0 0 5003 0 0 0 5004 0 0 0
beam3: 10000 10000 0 0 0 10001 0 0 0 10002 0 0 0
beam3: 10010 10002 0 0 0 10003 0 0 0 10004 0 0 0
beam3: 10100 10100 0 0 0 10101 0 0 0 10102 0 0 0
beam3: 10110 10102 0 0 0 10103 0 0 0 10104 0 0 0
beam3: 11000 11000 0 0 0 11001 0 0 0 11002 0 0 0
beam3: 11010 11002 0 0 0 11003 0 0 0 11004 0 0 0
beam3: 11100 11100 0 0 0 11101 0 0 0 11102 0 0 0
beam3: 11110 11102 0 0 0 11103 0 0 0 11104 0 0 0
body: 1000 10 9.68 1.526 0 0.074 0.277008 0 -0.919104 0 30.2846 0 -0.919104 0 30.2916
body: 1001 11 14.7 -1.156 0 0.074 0.558497 0 1.4005 0 26.1746 0 1.4005 0 26.2841
body: 1002 11 19.8 1.442 0 0.134 1.09353 0 -3.50791 0 55.7269 0 -3.50791 0 55.6714
body: 1003 12 24.8 -1.24 0 0.134 1.43731 0 4.40577 0 51.3778 0 4.40577 0 51.4325
body: 1010 12 7.78 0.381 0 0.164 0.526251 0 -0.484146 0 1.8496 0 -0.484146 0 1.79335
body: 1011 13 7.78 -0.382 0 0.164 0.526251 0 0.489381 0 1.85554 0 0.489381 0 1.79929
body: 1012 13 7.78 0.382 0 0.168 0.536583 0 -0.497309 0 1.86587 0 -0.497309 0 1.79929
body: 1013 14 25.6 -0.381 0 0.168 1.03953 0 1.64058 0 4.94966 0 1.64058 0 4.38012
body: 2000 2000 5.13 0 0.26 0 0.580788 0 0 0 0.365 0 0 0 0.806788
body: 2001 2001 4.85 0 -0.27 0 0.591565 0 0 0 0.365 0 0 0 0.816565
body: 2002 2001 4.57 0 0.259 0 0.52756 0 0 0 0.365 0 0 0 0.75256
body: 2003 2002 16.1 0 -0.271 0 1.4064 0 0 0 0.365 0 0 0 1.6324
body: 2010 2002 21.3 0 0.606 0 9.25213 0 0 0 0.835 0 0 0 9.77213
body: 2011 2003 9.45 0 -0.607 0 4.91184 0 0 0 0.835 0 0 0 5.43184
body: 2012 2003 9.42 0 0.606 0 4.88936 0 0 0 0.835 0 0 0 5.39936
body: 2013 2004 21.2 0 -0.607 0 9.24112 0 0 0 0.835 0 0 0 9.75112
body: 2020 2004 23.5 0 0.749 0 15.7135 0 0 0 1.01 0 0 0 16.3435
body: 2021 2005 12.3 0 -0.724 0 8.91736 0 0 0 1.01 0 0 0 9.54736
body: 2022 2005 12.9 0 0.748 0 9.9676 0 0 0 1.01 0 0 0 10.5976
body: 2023 2006 25.8 0 -0.725 0 16.2611 0 0 0 1.01 0 0 0 16.8811
body: 2030 2006 39.2 0 1.457 0.087 102.712 0 0 0 2.2967 -3.85895 0 -3.85895 103.516
body: 2031 2007 20.6 0 -1.743 0.087 84.3397 0 0 0 1.64592 4.3938 0 4.3938 84.9838
body: 2032 2007 14.2 0 1.291 0.269 32.3044 0 0 0 1.93653 -4.49336 0 -4.49336 31.7969
body: 2033 2008 7.83 0 -1.908 0.269 38.6314 0 0 0 0.955587 4.58376 0 4.58376 38.2448
body: 3000 3000 7.83 0 1.908 0.269 38.6314 0 0 0 0.955587 -4.58376 0 -4.58376 38.2448
body: 3001 3001 14.2 0 -1.291 0.269 32.3044 0 0 0 1.93653 4.49336 0 4.49336 31.7969
body: 3002 3001 20.6 0 1.743 0.087 84.3397 0 0 0 1.64592 -4.3938 0 -4.3938 84.9838
body: 3003 3002 39.2 0 -1.457 0.087 102.712 0 0 0 2.2967 3.85895 0 3.85895 103.516
body: 3010 3002 25.8 0 0.725 0 16.2611 0 0 0 1.01 0 0 0 16.8811
body: 3011 3003 12.9 0 -0.748 0 9.9676 0 0 0 1.01 0 0 0 10.5976
body: 3012 3003 12.3 0 0.724 0 8.91736 0 0 0 1.01 0 0 0 9.54736
body: 3013 3004 23.5 0 -0.749 0 15.7135 0 0 0 1.01 0 0 0 16.3435
body: 3020 3004 21.2 0 0.607 0 9.24112 0 0 0 0.835 0 0 0 9.75112
body: 3021 3005 9.42 0 -0.606 0 4.88936 0 0 0 0.835 0 0 0 5.39936
body: 3022 3005 9.45 0 0.607 0 4.91184 0 0 0 0.835 0 0 0 5.43184
body: 3023 3006 21.3 0 -0.606 0 9.25213 0 0 0 0.835 0 0 0 9.77213
body: 3030 3006 16.1 0 0.271 0 1.4064 0 0 0 0.365 0 0 0 1.6324
body: 3031 3007 4.57 0 -0.259 0 0.52756 0 0 0 0.365 0 0 0 0.75256
body: 3032 3007 4.85 0 0.27 0 0.591565 0 0 0 0.365 0 0 0 0.816565
body: 3033 3008 5.13 0 -0.26 0 0.580788 0 0 0 0.365 0 0 0 0.806788
body: 6000 6000 2.01 -0.088 0 0.808 1.80126 0 0.162019 0 1.86382 0 0.162019 0 0.120565
body: 6001 6001 3.03 -0.088 0 -0.617 1.58849 0 -0.148717 0 1.68295 0 -0.148717 0 0.180464
body: 6002 6001 4.05 -0.028 0 0.766 3.27036 0 0.121364 0 3.36854 0 0.121364 0 0.213175
body: 6003 6002 18.6 -0.028 0 -0.659 8.91163 0 -0.312307 0 9.04421 0 -0.312307 0 0.276582
body: 6010 6002 14.8 -0.01 0 0.168 0.458515 0 0.024131 0 0.489995 0 0.024131 0 0.06718
body: 6011 6003 1.08 -0.01 0 -0.188 0.0738715 0 -0.0028294 0 0.0995795 0 -0.0028294 0 0.053608
body: 6012 6003 0.875 -0.032 0 0.162 0.0469635 0 0.004077 0 0.0689595 0 0.004077 0 0.042196
body: 6013 6004 6.48 -0.032 0 -0.194 0.262781 0 -0.0407508 0 0.286017 0 -0.0407508 0 0.0357355
body: 4000 4000 5.87 -0.045 0.261 0 0.41927 0.0664131 0 0.0664131 0.0242867 0 0 0 0.437357
body: 4001 4001 0.736 -0.045 -0.239 0 0.0611411 -0.0102857 0 -0.0102857 0.0262904 0 0 0 0.0809315
body: 4002 4001 0.826 -0.13 0.259 0 0.0798089 0.0246414 0 0.0246414 0.0513594 0 0 0 0.124368
body: 4003 4002 0.916 -0.13 -0.241 0 0.0773022 -0.0317083 0 -0.0317083 0.0652804 0 0 0 0.135483
body: 4010 4002 1.32 -0.23 0.347 0 0.22024 0.0964592 0 0.0964592 0.142628 0 0 0 0.352768
body: 4011 4003 1.17 -0.23 -0.376 0 0.22841 -0.110622 0 -0.110622 0.116693 0 0 0 0.337303
body: 4012 4003 1.02 -0.352 0.343 0 0.165202 0.116471 0 0.116471 0.162582 0 0 0 0.321184
body: 4013 4004 0.87 -0.352 -0.381 0 0.17309 -0.123897 0 -0.123897 0.125996 0 0 0 0.294087
body: 5000 5000 0.87 -0.352 0.381 0 0.17309 0.123897 0 0.123897 0.125996 0 0 0 0.294087
body: 5001 5001 1.02 -0.352 -0.343 0 0.165202 -0.116471 0 -0.116471 0.162582 0 0 0 0.321184
body: 5002 5001 1.17 -0.23 0.376 0 0.22841 0.110622 0 0.110622 0.116693 0 0 0 0.337303
body: 5003 5002 1.32 -0.23 -0.347 0 0.22024 -0.0964592 0 -0.0964592 0.142628 0 0 0 0.352768
body: 5010 5002 0.916 -0.13 0.241 0 0.0773022 0.0317083 0 0.0317083 0.0652804 0 0 0 0.135483
body: 5011 5003 0.826 -0.13 -0.259 0 0.0798089 -0.0246414 0 -0.0246414 0.0513594 0 0 0 0.124368
body: 5012 5003 0.736 -0.045 0.239 0 0.0611411 0.0102857 0 0.0102857 0.0262904 0 0 0 0.0809315
body: 5013 5004 5.87 -0.045 -0.261 0 0.41927 -0.0664131 0 -0.0664131 0.0242867 0 0 0 0.437357
body: 10000 10000 5.2 0.622 0 0.337 0.822559 0 -1.15209 0 3.30236 0 -1.15209 0 2.5168
body: 10001 10001 5.16 0.622 0 -0.338 0.819499 0 1.02252 0 3.19882 0 1.02252 0 2.41332
body: 10002 10001 5.13 0.409 0 0.337 0.805609 0 -0.768283 0 1.96176 0 -0.768283 0 1.18715
body: 10003 10002 5.09 0.409 0 -0.338 0.802502 0 0.642152 0 1.86696 0 0.642152 0 1.09346
body: 10010 10002 7.35 0.354 0 0.489 2.38454 0 -1.20993 0 3.61261 0 -1.20993 0 1.27207
body: 10011 10003 7.39 0.354 0 -0.487 2.38968 0 1.33632 0 3.78876 0 1.33632 0 1.45009
body: 10012 10003 7.42 0.458 0 0.489 2.42828 0 -1.5988 0 4.61073 0 -1.5988 0 2.25345
body: 10013 10004 7.46 0.458 0 -0.487 2.43328 0 1.72682 0 4.79412 0 1.72682 0 2.43384
body: 10100 10100 5.2 0.622 0 0.337 0.822559 0 -1.15209 0 3.30236 0 -1.15209 0 2.5168
body: 10101 10101 5.16 0.622 0 -0.338 0.819499 0 1.02252 0 3.19882 0 1.02252 0 2.41332
body: 10102 10101 5.13 0.409 0 0.337 0.805609 0 -0.768283 0 1.96176 0 -0.768283 0 1.18715
body: 10103 10102 5.09 0.409 0 -0.338 0.802502 0 0.642152 0 1.86696 0 0.642152 0 1.09346
body: 10110 10102 7.35 0.354 0 0.489 2.38454 0 -1.20993 0 3.61261 0 -1.20993 0 1.27207
body: 10111 10103 7.39 0.354 0 -0.487 2.38968 0 1.33632 0 3.78876 0 1.33632 0 1.45009
body: 10112 10103 7.42 0.458 0 0.489 2.42828 0 -1.5988 0 4.61073 0 -1.5988 0 2.25345
body: 10113 10104 7.46 0.458 0 -0.487 2.43328 0 1.72682 0 4.79412 0 1.72682 0 2.43384
body: 11000 11000 5.2 0.622 0 0.337 0.822559 0 -1.15209 0 3.30236 0 -1.15209 0 2.5168
body: 11001 11001 5.16 0.622 0 -0.338 0.819499 0 1.02252 0 3.19882 0 1.02252 0 2.41332
body: 11002 11001 5.13 0.409 0 0.337 0.805609 0 -0.768283 0 1.96176 0 -0.768283 0 1.18715
body: 11003 11002 5.09 0.409 0 -0.338 0.802502 0 0.642152 0 1.86696 0 0.642152 0 1.09346
body: 11010 11002 7.35 0.354 0 0.489 2.38454 0 -1.20993 0 3.61261 0 -1.20993 0 1.27207
body: 11011 11003 7.39 0.354 0 -0.487 2.38968 0 1.33632 0 3.78876 0 1.33632 0 1.45009
body: 11012 11003 7.42 0.458 0 0.489 2.42828 0 -1.5988 0 4.61073 0 -1.5988 0 2.25345
body: 11013 11004 7.46 0.458 0 -0.487 2.43328 0 1.72682 0 4.79412 0 1.72682 0 2.43384
body: 11100 11100 5.2 0.622 0 0.337 0.822559 0 -1.15209 0 3.30236 0 -1.15209 0 2.5168
body: 11101 11101 5.16 0.622 0 -0.338 0.819499 0 1.02252 0 3.19882 0 1.02252 0 2.41332
body: 11102 11101 5.13 0.409 0 0.337 0.805609 0 -0.768283 0 1.96176 0 -0.768283 0 1.18715
body: 11103 11102 5.09 0.409 0 -0.338 0.802502 0 0.642152 0 1.86696 0 0.642152 0 1.09346
body: 11110 11102 7.35 0.354 0 0.489 2.38454 0 -1.20993 0 3.61261 0 -1.20993 0 1.27207
body: 11111 11103 7.39 0.354 0 -0.487 2.38968 0 1.33632 0 3.78876 0 1.33632 0 1.45009
body: 11112 11103 7.42 0.458 0 0.489 2.42828 0 -1.5988 0 4.61073 0 -1.5988 0 2.25345
body: 11113 11104 7.46 0.458 0 -0.487 2.43328 0 1.72682 0 4.79412 0 1.72682 0 2.43384
body: 20000 20000 0 0 0 0 0 0 0 0 0 0 0 0 0
body: 20001 20001 55.1 0 0 0 0 0 0 0 0 0 0 0 0
body: 20010 20010 0 0 0 0 0 0 0 0 0 0 0 0 0
body: 20011 20011 55.1 0 0 0 0 0 0 0 0 0 0 0 0
body: 20100 20100 0 0 0 0 0 0 0 0 0 0 0 0 0
body: 20101 20101 55.1 0 0 0 0 0 0 0 0 0 0 0 0
body: 20110 20110 0 0 0 0 0 0 0 0 0 0 0 0 0
body: 20111 20111 55.1 0 0 0 0 0 0 0 0 0 0 0 0
body: 30000 30000 0 0 0 0 0 0 0 0 0 0 0 0 0
body: 30001 30001 55.1 0 0 0 0 0 0 0 0 0 0 0 0
body: 30010 30010 0 0 0 0 0 0 0 0 0 0 0 0 0
body: 30011 30011 55.1 0 0 0 0 0 0 0 0 0 0 0 0
body: 30100 30100 0 0 0 0 0 0 0 0 0 0 0 0 0
body: 30101 30101 55.1 0 0 0 0 0 0 0 0 0 0 0 0
body: 30110 30110 0 0 0 0 0 0 0 0 0 0 0 0 0
body: 30111 30111 55.1 0 0 0 0 0 0 0 0 0 0 0 0
